<?xml version="1.0" encoding="UTF-8" standalone="yes"?>
<ns2:test-suite start="1518122464260" stop="1518122578808" version="1.5.2" xmlns:ns2="urn:model.allure.qatools.yandex.ru">
    <name>Яндекс Маркет</name>
    <description type="text"></description>
    <test-cases>
        <test-case start="1518122464312" stop="1518122494814" status="failed">
            <name>Выбор категории товара "Телевизоры"</name>
            <title>Выбор категории товара "Телевизоры"</title>
            <description type="text"></description>
            <failure>
                <message>AssertionError: null</message>
                <stack-trace>java.lang.AssertionError
	at org.junit.Assert.fail(Assert.java:86)
	at org.junit.Assert.assertTrue(Assert.java:41)
	at org.junit.Assert.assertTrue(Assert.java:52)
	at Pages.OrderPage.checkMemorizeGoods(OrderPage.java:70)
	at Steps.OrderStep.stepcheckMemorizeGoods(OrderStep.java:35)
	at Steps.TestSteps.stepcheckMemorizeGoods(TestSteps.java:78)
	at ✽.Тогда Выполнено сравнение найденного товара с найденным(Маркет.feature:19)
</stack-trace>
            </failure>
            <steps>
                <step start="1518122471007" stop="1518122473436" status="passed">
                    <name>Когда выбран пункт меню "Маркет"</name>
                    <title>Когда выбран пункт меню "Маркет"</title>
                    <steps>
                        <step start="1518122471280" stop="1518122473435" status="passed">
                            <name>stepSelectMaimMenu[Маркет]</name>
                            <title>Выбран пункт меню Маркет</title>
                        </step>
                    </steps>
                </step>
                <step start="1518122473436" stop="1518122474890" status="passed">
                    <name>И выбрано подменю "Электроника"</name>
                    <title>И выбрано подменю "Электроника"</title>
                    <steps>
                        <step start="1518122473436" stop="1518122474890" status="passed">
                            <name>stepSelectSubMenu[Электроника]</name>
                            <title>Выбран пункт меню Электроника</title>
                        </step>
                    </steps>
                </step>
                <step start="1518122474891" stop="1518122478704" status="passed">
                    <name>Тогда выбрана категория товара "Телевизоры"</name>
                    <title>Тогда выбрана категория товара "Телевизоры"</title>
                    <steps>
                        <step start="1518122474892" stop="1518122478703" status="passed">
                            <name>stepSelectCategory[Телевизоры]</name>
                            <title>Выбрана категорияТелевизоры</title>
                        </step>
                    </steps>
                </step>
                <step start="1518122478704" stop="1518122481410" status="passed">
                    <name>Тогда Выполнено нажатие на кнопку -Перейти ко всем фильтрам</name>
                    <title>Тогда Выполнено нажатие на кнопку -Перейти ко всем фильтрам</title>
                    <steps>
                        <step start="1518122478705" stop="1518122481410" status="passed">
                            <name>stepSelectAllFilters</name>
                            <title>Нажать на кнопку -Перейти ко всем фильтрам</title>
                        </step>
                    </steps>
                </step>
                <step start="1518122481411" stop="1518122481687" status="passed">
                    <name>Когда Выбрана марка телевизора LG</name>
                    <title>Когда Выбрана марка телевизора LG</title>
                    <steps>
                        <step start="1518122481412" stop="1518122481685" status="passed">
                            <name>stepSelestTvLG</name>
                            <title>Выбрана марка Телевизора LG</title>
                        </step>
                    </steps>
                </step>
                <step start="1518122481687" stop="1518122481943" status="passed">
                    <name>Когда Выбрана марка телевизора Samsung</name>
                    <title>Когда Выбрана марка телевизора Samsung</title>
                    <steps>
                        <step start="1518122481688" stop="1518122481942" status="passed">
                            <name>stepSelestTvSmsung</name>
                            <title>Выбрана марка Телевизора Samsung</title>
                        </step>
                    </steps>
                </step>
                <step start="1518122481943" stop="1518122482267" status="passed">
                    <name>Тогда заполняются поля:</name>
                    <title>Тогда заполняются поля:</title>
                    <steps>
                        <step start="1518122481946" stop="1518122482267" status="passed">
                            <name>stepFillOne[Сумма от, 20000]</name>
                            <title>Поле Сумма от заполняется значенем 20000</title>
                        </step>
                    </steps>
                </step>
                <step start="1518122482268" stop="1518122482363" status="passed">
                    <name>Когда проверены поля, что заполненны правильными значениями:</name>
                    <title>Когда проверены поля, что заполненны правильными значениями:</title>
                    <steps>
                        <step start="1518122482269" stop="1518122482363" status="passed">
                            <name>stepCheckFillOne[Сумма от, 20000]</name>
                            <title>поле Сумма от заполнено значением 20000</title>
                        </step>
                    </steps>
                </step>
                <step start="1518122482363" stop="1518122485300" status="passed">
                    <name>Тогда Выполнено нажатие на кнопку-Показать подходящие</name>
                    <title>Тогда Выполнено нажатие на кнопку-Показать подходящие</title>
                    <steps>
                        <step start="1518122482364" stop="1518122485300" status="passed">
                            <name>stepPressGoButton</name>
                            <title>Выполнено нажатие на -Показать подходящие</title>
                        </step>
                    </steps>
                </step>
                <step start="1518122485300" stop="1518122487798" status="passed">
                    <name>Когда Выполнена проверка количества товара на странице</name>
                    <title>Когда Выполнена проверка количества товара на странице</title>
                    <steps>
                        <step start="1518122485301" stop="1518122487798" status="passed">
                            <name>stepcheckCountGoods</name>
                            <title>Проверка количества товара на странице-12</title>
                        </step>
                    </steps>
                </step>
                <step start="1518122487798" stop="1518122487868" status="passed">
                    <name>Тогда Выполно запоминание первого товара на странице</name>
                    <title>Тогда Выполно запоминание первого товара на странице</title>
                    <steps>
                        <step start="1518122487798" stop="1518122487868" status="passed">
                            <name>stepmemorizeNameFirstGoods</name>
                            <title>Запоминание первого товара на странице</title>
                        </step>
                    </steps>
                </step>
                <step start="1518122487868" stop="1518122493161" status="passed">
                    <name>Когда Выполнен поиск запомненного товара</name>
                    <title>Когда Выполнен поиск запомненного товара</title>
                    <steps>
                        <step start="1518122487868" stop="1518122493161" status="passed">
                            <name>stepfoundMemorizeNameFirstGoods</name>
                            <title>Поиск запомненого товара </title>
                        </step>
                    </steps>
                </step>
                <step start="1518122493161" stop="1518122493880" status="failed">
                    <name>Тогда Выполнено сравнение найденного товара с найденным</name>
                    <title>Тогда Выполнено сравнение найденного товара с найденным</title>
                    <attachments>
                        <attachment title="Скриншот ошибки" source="d151cdfd-2ea8-4018-a495-6535b8169294-attachment.png" type="image/png"/>
                    </attachments>
                    <steps>
                        <step start="1518122493162" stop="1518122493164" status="failed">
                            <name>stepcheckMemorizeGoods</name>
                            <title>Сравнение найденного товара с запомненным</title>
                        </step>
                    </steps>
                </step>
            </steps>
            <attachments/>
            <labels>
                <label name="story" value="Выбор категории товара &quot;Телевизоры&quot;"/>
                <label name="feature" value="Яндекс Маркет"/>
                <label name="host" value="devsrv"/>
                <label name="thread" value="6036@devsrv.main(1)"/>
                <label name="framework" value="CucumberJVM"/>
            </labels>
        </test-case>
        <test-case start="1518122494817" stop="1518122578806" status="broken">
            <name>Выбор категории товара "Наушники"</name>
            <title>Выбор категории товара "Наушники"</title>
            <description type="text"></description>
            <failure>
                <message>NoSuchElementException: no such element: Unable to locate element: {"method":"xpath","selector":"//DIV[@class='n-product-title__text-container']"}
  (Session info: chrome=63.0.3239.132)
  (Driver info: chromedriver=2.35.528161 (5b82f2d2aae0ca24b877009200ced9065a772e73),platform=Windows NT 6.1.7601 SP1 x86_64) (WARNING: The server did not provide any stacktrace information)
Command duration or timeout: 0 milliseconds
For documentation on this error, please visit: http://seleniumhq.org/exceptions/no_such_element.html
Build info: version: '3.8.0', revision: '924c4067df', time: '2017-11-30T11:20:39.408Z'
System info: host: 'DEVSRV', ip: '10.0.2.15', os.name: 'Windows 7', os.arch: 'amd64', os.version: '6.1', java.version: '1.8.0_162'
Driver info: org.openqa.selenium.chrome.ChromeDriver
Capabilities {acceptInsecureCerts: false, acceptSslCerts: false, applicationCacheEnabled: false, browserConnectionEnabled: false, browserName: chrome, chrome: {chromedriverVersion: 2.35.528161 (5b82f2d2aae0ca..., userDataDir: C:\Users\ann\AppData\Local\...}, cssSelectorsEnabled: true, databaseEnabled: false, handlesAlerts: true, hasTouchScreen: false, javascriptEnabled: true, locationContextEnabled: true, mobileEmulationEnabled: false, nativeEvents: true, networkConnectionEnabled: false, pageLoadStrategy: normal, platform: XP, platformName: XP, rotatable: false, setWindowRect: true, takesHeapSnapshot: true, takesScreenshot: true, unexpectedAlertBehaviour: , unhandledPromptBehavior: , version: 63.0.3239.132, webStorageEnabled: true}
Session ID: 97ddb371feb555689d15f1436882f549
*** Element info: {Using=xpath, value=//DIV[@class='n-product-title__text-container']}</message>
                <stack-trace>org.openqa.selenium.NoSuchElementException: no such element: Unable to locate element: {"method":"xpath","selector":"//DIV[@class='n-product-title__text-container']"}
  (Session info: chrome=63.0.3239.132)
  (Driver info: chromedriver=2.35.528161 (5b82f2d2aae0ca24b877009200ced9065a772e73),platform=Windows NT 6.1.7601 SP1 x86_64) (WARNING: The server did not provide any stacktrace information)
Command duration or timeout: 0 milliseconds
For documentation on this error, please visit: http://seleniumhq.org/exceptions/no_such_element.html
Build info: version: '3.8.0', revision: '924c4067df', time: '2017-11-30T11:20:39.408Z'
System info: host: 'DEVSRV', ip: '10.0.2.15', os.name: 'Windows 7', os.arch: 'amd64', os.version: '6.1', java.version: '1.8.0_162'
Driver info: org.openqa.selenium.chrome.ChromeDriver
Capabilities {acceptInsecureCerts: false, acceptSslCerts: false, applicationCacheEnabled: false, browserConnectionEnabled: false, browserName: chrome, chrome: {chromedriverVersion: 2.35.528161 (5b82f2d2aae0ca..., userDataDir: C:\Users\ann\AppData\Local\...}, cssSelectorsEnabled: true, databaseEnabled: false, handlesAlerts: true, hasTouchScreen: false, javascriptEnabled: true, locationContextEnabled: true, mobileEmulationEnabled: false, nativeEvents: true, networkConnectionEnabled: false, pageLoadStrategy: normal, platform: XP, platformName: XP, rotatable: false, setWindowRect: true, takesHeapSnapshot: true, takesScreenshot: true, unexpectedAlertBehaviour: , unhandledPromptBehavior: , version: 63.0.3239.132, webStorageEnabled: true}
Session ID: 97ddb371feb555689d15f1436882f549
*** Element info: {Using=xpath, value=//DIV[@class='n-product-title__text-container']}
	at sun.reflect.NativeConstructorAccessorImpl.newInstance0(Native Method)
	at sun.reflect.NativeConstructorAccessorImpl.newInstance(NativeConstructorAccessorImpl.java:62)
	at sun.reflect.DelegatingConstructorAccessorImpl.newInstance(DelegatingConstructorAccessorImpl.java:45)
	at java.lang.reflect.Constructor.newInstance(Constructor.java:423)
	at org.openqa.selenium.remote.ErrorHandler.createThrowable(ErrorHandler.java:214)
	at org.openqa.selenium.remote.ErrorHandler.throwIfResponseFailed(ErrorHandler.java:166)
	at org.openqa.selenium.remote.http.JsonHttpResponseCodec.reconstructValue(JsonHttpResponseCodec.java:40)
	at org.openqa.selenium.remote.http.AbstractHttpResponseCodec.decode(AbstractHttpResponseCodec.java:80)
	at org.openqa.selenium.remote.http.AbstractHttpResponseCodec.decode(AbstractHttpResponseCodec.java:44)
	at org.openqa.selenium.remote.HttpCommandExecutor.execute(HttpCommandExecutor.java:164)
	at org.openqa.selenium.remote.service.DriverCommandExecutor.execute(DriverCommandExecutor.java:83)
	at org.openqa.selenium.remote.RemoteWebDriver.execute(RemoteWebDriver.java:601)
	at org.openqa.selenium.remote.RemoteWebDriver.findElement(RemoteWebDriver.java:371)
	at org.openqa.selenium.remote.RemoteWebDriver.findElementByXPath(RemoteWebDriver.java:473)
	at org.openqa.selenium.By$ByXPath.findElement(By.java:361)
	at org.openqa.selenium.remote.RemoteWebDriver.findElement(RemoteWebDriver.java:363)
	at Pages.OrderPage.foundMemorizeNameFirstGoods(OrderPage.java:63)
	at Steps.OrderStep.stepfoundMemorizeNameFirstGoods(OrderStep.java:30)
	at Steps.TestSteps.tepfoundMemorizeNameFirstGoods(TestSteps.java:74)
	at ✽.Когда Выполнен поиск запомненного товара(Маркет.feature:36)
</stack-trace>
            </failure>
            <steps>
                <step start="1518122503051" stop="1518122506564" status="passed">
                    <name>Когда выбран пункт меню "Маркет"</name>
                    <title>Когда выбран пункт меню "Маркет"</title>
                    <steps>
                        <step start="1518122503051" stop="1518122506562" status="passed">
                            <name>stepSelectMaimMenu[Маркет]</name>
                            <title>Выбран пункт меню Маркет</title>
                        </step>
                    </steps>
                </step>
                <step start="1518122506564" stop="1518122508332" status="passed">
                    <name>И выбрано подменю "Электроника"</name>
                    <title>И выбрано подменю "Электроника"</title>
                    <steps>
                        <step start="1518122506564" stop="1518122508332" status="passed">
                            <name>stepSelectSubMenu[Электроника]</name>
                            <title>Выбран пункт меню Электроника</title>
                        </step>
                    </steps>
                </step>
                <step start="1518122508333" stop="1518122513362" status="passed">
                    <name>Тогда выбрана категория товара "Наушники"</name>
                    <title>Тогда выбрана категория товара "Наушники"</title>
                    <steps>
                        <step start="1518122508333" stop="1518122513361" status="passed">
                            <name>stepSelectCategory[Наушники]</name>
                            <title>Выбрана категорияНаушники</title>
                        </step>
                    </steps>
                </step>
                <step start="1518122513362" stop="1518122516567" status="passed">
                    <name>Тогда Выполнено нажатие на кнопку -Перейти ко всем фильтрам</name>
                    <title>Тогда Выполнено нажатие на кнопку -Перейти ко всем фильтрам</title>
                    <steps>
                        <step start="1518122513364" stop="1518122516567" status="passed">
                            <name>stepSelectAllFilters</name>
                            <title>Нажать на кнопку -Перейти ко всем фильтрам</title>
                        </step>
                    </steps>
                </step>
                <step start="1518122516567" stop="1518122516890" status="passed">
                    <name>Когда Выбрана марка Наушниов Beats</name>
                    <title>Когда Выбрана марка Наушниов Beats</title>
                    <steps>
                        <step start="1518122516568" stop="1518122516890" status="passed">
                            <name>stepSelestBeats</name>
                            <title>Выбрана марка Наушников Beats</title>
                        </step>
                    </steps>
                </step>
                <step start="1518122516890" stop="1518122517199" status="passed">
                    <name>Тогда заполняются поля:</name>
                    <title>Тогда заполняются поля:</title>
                    <steps>
                        <step start="1518122516891" stop="1518122517199" status="passed">
                            <name>stepFillOne[Сумма от, 5000]</name>
                            <title>Поле Сумма от заполняется значенем 5000</title>
                        </step>
                    </steps>
                </step>
                <step start="1518122517199" stop="1518122517302" status="passed">
                    <name>Когда проверены поля, что заполненны правильными значениями:</name>
                    <title>Когда проверены поля, что заполненны правильными значениями:</title>
                    <steps>
                        <step start="1518122517200" stop="1518122517302" status="passed">
                            <name>stepCheckFillOne[Сумма от, 5000]</name>
                            <title>поле Сумма от заполнено значением 5000</title>
                        </step>
                    </steps>
                </step>
                <step start="1518122517304" stop="1518122520744" status="passed">
                    <name>Тогда Выполнено нажатие на кнопку-Показать подходящие</name>
                    <title>Тогда Выполнено нажатие на кнопку-Показать подходящие</title>
                    <steps>
                        <step start="1518122517304" stop="1518122520744" status="passed">
                            <name>stepPressGoButton</name>
                            <title>Выполнено нажатие на -Показать подходящие</title>
                        </step>
                    </steps>
                </step>
                <step start="1518122520744" stop="1518122521173" status="passed">
                    <name>Когда Выполнено нажатие на кнопку выбора вида отображения товара на странице</name>
                    <title>Когда Выполнено нажатие на кнопку выбора вида отображения товара на странице</title>
                    <steps>
                        <step start="1518122520745" stop="1518122521173" status="passed">
                            <name>steppressVid</name>
                            <title>Выбор вида отображения товара</title>
                        </step>
                    </steps>
                </step>
                <step start="1518122521173" stop="1518122523675" status="passed">
                    <name>И Выполнена проверка количества товара на странице</name>
                    <title>И Выполнена проверка количества товара на странице</title>
                    <steps>
                        <step start="1518122521173" stop="1518122523675" status="passed">
                            <name>stepcheckCountGoods</name>
                            <title>Проверка количества товара на странице-12</title>
                        </step>
                    </steps>
                </step>
                <step start="1518122523675" stop="1518122523752" status="passed">
                    <name>Тогда Выполно запоминание первого товара на странице</name>
                    <title>Тогда Выполно запоминание первого товара на странице</title>
                    <steps>
                        <step start="1518122523676" stop="1518122523750" status="passed">
                            <name>stepmemorizeNameFirstGoods</name>
                            <title>Запоминание первого товара на странице</title>
                        </step>
                    </steps>
                </step>
                <step start="1518122523752" stop="1518122578070" status="broken">
                    <name>Когда Выполнен поиск запомненного товара</name>
                    <title>Когда Выполнен поиск запомненного товара</title>
                    <attachments>
                        <attachment title="Скриншот ошибки" source="0b329237-cf68-4bdd-8907-d4f125e3983f-attachment.png" type="image/png"/>
                    </attachments>
                    <steps>
                        <step start="1518122523753" stop="1518122577739" status="broken">
                            <name>stepfoundMemorizeNameFirstGoods</name>
                            <title>Поиск запомненого товара </title>
                        </step>
                    </steps>
                </step>
                <step start="1518122578070" stop="1518122578073" status="canceled">
                    <name>Тогда Выполнено сравнение найденного товара с найденным</name>
                    <title>Тогда Выполнено сравнение найденного товара с найденным</title>
                </step>
            </steps>
            <attachments/>
            <labels>
                <label name="story" value="Выбор категории товара &quot;Наушники&quot;"/>
                <label name="feature" value="Яндекс Маркет"/>
                <label name="host" value="devsrv"/>
                <label name="thread" value="6036@devsrv.main(1)"/>
                <label name="framework" value="CucumberJVM"/>
            </labels>
        </test-case>
    </test-cases>
    <labels>
        <label name="feature" value="Яндекс Маркет"/>
        <label name="language" value="JAVA"/>
    </labels>
</ns2:test-suite>
