<?xml version="1.0" encoding="UTF-8"?>
<testsuite xmlns:xsi="http://www.w3.org/2001/XMLSchema-instance" xsi:schemaLocation="https://maven.apache.org/surefire/maven-surefire-plugin/xsd/surefire-test-report.xsd" name="CucumberRunner" time="115.733" tests="28" errors="2" skipped="1" failures="2">
  <properties>
    <property name="idea.version" value="2017.3.2"/>
    <property name="java.runtime.name" value="Java(TM) SE Runtime Environment"/>
    <property name="sun.boot.library.path" value="C:\Program Files\Java\jdk1.8.0_162\jre\bin"/>
    <property name="java.vm.version" value="25.162-b12"/>
    <property name="java.vm.vendor" value="Oracle Corporation"/>
    <property name="maven.multiModuleProjectDirectory" value="C:\Users\ann\IdeaProjects\Yandex"/>
    <property name="java.vendor.url" value="http://java.oracle.com/"/>
    <property name="path.separator" value=";"/>
    <property name="guice.disable.misplaced.annotation.check" value="true"/>
    <property name="java.vm.name" value="Java HotSpot(TM) 64-Bit Server VM"/>
    <property name="file.encoding.pkg" value="sun.io"/>
    <property name="user.script" value=""/>
    <property name="user.country" value="RU"/>
    <property name="sun.java.launcher" value="SUN_STANDARD"/>
    <property name="sun.os.patch.level" value="Service Pack 1"/>
    <property name="java.vm.specification.name" value="Java Virtual Machine Specification"/>
    <property name="user.dir" value="C:\Users\ann\IdeaProjects\Yandex"/>
    <property name="java.runtime.version" value="1.8.0_162-b12"/>
    <property name="java.awt.graphicsenv" value="sun.awt.Win32GraphicsEnvironment"/>
    <property name="java.endorsed.dirs" value="C:\Program Files\Java\jdk1.8.0_162\jre\lib\endorsed"/>
    <property name="os.arch" value="amd64"/>
    <property name="java.io.tmpdir" value="C:\Users\ann\AppData\Local\Temp\"/>
    <property name="line.separator" value="&#10;"/>
    <property name="java.vm.specification.vendor" value="Oracle Corporation"/>
    <property name="user.variant" value=""/>
    <property name="os.name" value="Windows 7"/>
    <property name="classworlds.conf" value="C:\Program Files\JetBrains\IntelliJ IDEA Community Edition 2017.3\plugins\maven\lib\maven3\bin\m2.conf"/>
    <property name="sun.jnu.encoding" value="Cp1251"/>
    <property name="java.library.path" value="C:\Program Files\Java\jdk1.8.0_162\bin;C:\Windows\Sun\Java\bin;C:\Windows\system32;C:\Windows;C:\Windows\system32;C:\Windows;C:\Windows\System32\Wbem;C:\Windows\System32\WindowsPowerShell\v1.0\;C:\Program Files\Microsoft SQL Server\Client SDK\ODBC\110\Tools\Binn\;C:\Program Files (x86)\Microsoft SQL Server\120\Tools\Binn\;C:\Program Files\Microsoft SQL Server\120\Tools\Binn\;C:\Program Files\Microsoft SQL Server\120\DTS\Binn\;C:\Program Files (x86)\Microsoft SQL Server\120\Tools\Binn\ManagementStudio\;C:\Program Files (x86)\Microsoft SQL Server\120\DTS\Binn\;C:\MongoDB\Server\3.2\bin;C:\Windows\system32\config\systemprofile\.dnx\bin;C:\Program Files\Microsoft DNX\Dnvm\;C:\Program Files\Microsoft SQL Server\130\Tools\Binn\;C:\Program Files (x86)\nodejs\;C:\Program Files (x86)\GtkSharp\2.12\bin;C:\Program Files\Java\jdk1.8.0_162\bin;C:\Program Files\maven\bin;C:\Program Files\Git\cmd;."/>
    <property name="java.specification.name" value="Java Platform API Specification"/>
    <property name="java.class.version" value="52.0"/>
    <property name="sun.management.compiler" value="HotSpot 64-Bit Tiered Compilers"/>
    <property name="os.version" value="6.1"/>
    <property name="user.home" value="C:\Users\ann"/>
    <property name="user.timezone" value="Europe/Moscow"/>
    <property name="java.awt.printerjob" value="sun.awt.windows.WPrinterJob"/>
    <property name="java.specification.version" value="1.8"/>
    <property name="file.encoding" value="UTF-8"/>
    <property name="user.name" value="ann"/>
    <property name="java.class.path" value="C:\Program Files\JetBrains\IntelliJ IDEA Community Edition 2017.3\plugins\maven\lib\maven3\boot\plexus-classworlds-2.5.2.jar;C:\Program Files\JetBrains\IntelliJ IDEA Community Edition 2017.3\lib\idea_rt.jar"/>
    <property name="java.vm.specification.version" value="1.8"/>
    <property name="sun.arch.data.model" value="64"/>
    <property name="java.home" value="C:\Program Files\Java\jdk1.8.0_162\jre"/>
    <property name="sun.java.command" value="org.codehaus.classworlds.Launcher -Didea.version=2017.3.2 clean -Denvironment=environmen install"/>
    <property name="java.specification.vendor" value="Oracle Corporation"/>
    <property name="user.language" value="ru"/>
    <property name="awt.toolkit" value="sun.awt.windows.WToolkit"/>
    <property name="java.vm.info" value="mixed mode"/>
    <property name="java.version" value="1.8.0_162"/>
    <property name="java.ext.dirs" value="C:\Program Files\Java\jdk1.8.0_162\jre\lib\ext;C:\Windows\Sun\Java\lib\ext"/>
    <property name="sun.boot.class.path" value="C:\Program Files\Java\jdk1.8.0_162\jre\lib\resources.jar;C:\Program Files\Java\jdk1.8.0_162\jre\lib\rt.jar;C:\Program Files\Java\jdk1.8.0_162\jre\lib\sunrsasign.jar;C:\Program Files\Java\jdk1.8.0_162\jre\lib\jsse.jar;C:\Program Files\Java\jdk1.8.0_162\jre\lib\jce.jar;C:\Program Files\Java\jdk1.8.0_162\jre\lib\charsets.jar;C:\Program Files\Java\jdk1.8.0_162\jre\lib\jfr.jar;C:\Program Files\Java\jdk1.8.0_162\jre\classes"/>
    <property name="java.vendor" value="Oracle Corporation"/>
    <property name="environment" value="environmen"/>
    <property name="maven.home" value="C:\Program Files\JetBrains\IntelliJ IDEA Community Edition 2017.3\plugins\maven\lib\maven3"/>
    <property name="file.separator" value="\"/>
    <property name="java.vendor.url.bug" value="http://bugreport.sun.com/bugreport/"/>
    <property name="sun.cpu.endian" value="little"/>
    <property name="sun.io.unicode.encoding" value="UnicodeLittle"/>
    <property name="sun.desktop" value="windows"/>
    <property name="sun.cpu.isalist" value="amd64"/>
  </properties>
  <testcase name="Когда выбран пункт меню &quot;Маркет&quot;" classname="Сценарий: Выбор категории товара &quot;Телевизоры&quot;" time="0"/>
  <testcase name="И выбрано подменю &quot;Электроника&quot;" classname="Сценарий: Выбор категории товара &quot;Телевизоры&quot;" time="0"/>
  <testcase name="Тогда выбрана категория товара &quot;Телевизоры&quot;" classname="Сценарий: Выбор категории товара &quot;Телевизоры&quot;" time="0"/>
  <testcase name="Тогда Выполнено нажатие на кнопку -Перейти ко всем фильтрам" classname="Сценарий: Выбор категории товара &quot;Телевизоры&quot;" time="0"/>
  <testcase name="Когда Выбрана марка телевизора LG" classname="Сценарий: Выбор категории товара &quot;Телевизоры&quot;" time="0"/>
  <testcase name="Когда Выбрана марка телевизора Samsung" classname="Сценарий: Выбор категории товара &quot;Телевизоры&quot;" time="0"/>
  <testcase name="Тогда заполняются поля:" classname="Сценарий: Выбор категории товара &quot;Телевизоры&quot;" time="0"/>
  <testcase name="Когда проверены поля, что заполненны правильными значениями:" classname="Сценарий: Выбор категории товара &quot;Телевизоры&quot;" time="0"/>
  <testcase name="Тогда Выполнено нажатие на кнопку-Показать подходящие" classname="Сценарий: Выбор категории товара &quot;Телевизоры&quot;" time="0"/>
  <testcase name="Когда Выполнена проверка количества товара на странице" classname="Сценарий: Выбор категории товара &quot;Телевизоры&quot;" time="0"/>
  <testcase name="Тогда Выполно запоминание первого товара на странице" classname="Сценарий: Выбор категории товара &quot;Телевизоры&quot;" time="0"/>
  <testcase name="Когда Выполнен поиск запомненного товара" classname="Сценарий: Выбор категории товара &quot;Телевизоры&quot;" time="0"/>
  <testcase name="Тогда Выполнено сравнение найденного товара с найденным" classname="Сценарий: Выбор категории товара &quot;Телевизоры&quot;" time="0.014">
    <failure type="java.lang.AssertionError">java.lang.AssertionError
</failure>
  </testcase>
  <testcase name="Сценарий: Выбор категории товара &quot;Телевизоры&quot;" classname="Сценарий: Выбор категории товара &quot;Телевизоры&quot;" time="0.014">
    <failure type="java.lang.AssertionError">java.lang.AssertionError
</failure>
  </testcase>
  <testcase name="Когда выбран пункт меню &quot;Маркет&quot;" classname="Сценарий: Выбор категории товара &quot;Наушники&quot;" time="0"/>
  <testcase name="И выбрано подменю &quot;Электроника&quot;" classname="Сценарий: Выбор категории товара &quot;Наушники&quot;" time="0"/>
  <testcase name="Тогда выбрана категория товара &quot;Наушники&quot;" classname="Сценарий: Выбор категории товара &quot;Наушники&quot;" time="0"/>
  <testcase name="Тогда Выполнено нажатие на кнопку -Перейти ко всем фильтрам" classname="Сценарий: Выбор категории товара &quot;Наушники&quot;" time="0"/>
  <testcase name="Когда Выбрана марка Наушниов Beats" classname="Сценарий: Выбор категории товара &quot;Наушники&quot;" time="0"/>
  <testcase name="Тогда заполняются поля:" classname="Сценарий: Выбор категории товара &quot;Наушники&quot;" time="0"/>
  <testcase name="Когда проверены поля, что заполненны правильными значениями:" classname="Сценарий: Выбор категории товара &quot;Наушники&quot;" time="0"/>
  <testcase name="Тогда Выполнено нажатие на кнопку-Показать подходящие" classname="Сценарий: Выбор категории товара &quot;Наушники&quot;" time="0"/>
  <testcase name="Когда Выполнено нажатие на кнопку выбора вида отображения товара на странице" classname="Сценарий: Выбор категории товара &quot;Наушники&quot;" time="0"/>
  <testcase name="И Выполнена проверка количества товара на странице" classname="Сценарий: Выбор категории товара &quot;Наушники&quot;" time="0"/>
  <testcase name="Тогда Выполно запоминание первого товара на странице" classname="Сценарий: Выбор категории товара &quot;Наушники&quot;" time="0"/>
  <testcase name="Когда Выполнен поиск запомненного товара" classname="Сценарий: Выбор категории товара &quot;Наушники&quot;" time="0.001">
    <error message="no such element: Unable to locate element: {&quot;method&quot;:&quot;xpath&quot;,&quot;selector&quot;:&quot;//DIV[@class=&apos;n-product-title__text-container&apos;]&quot;}&#10;  (Session info: chrome=63.0.3239.132)&#10;  (Driver info: chromedriver=2.35.528161 (5b82f2d2aae0ca24b877009200ced9065a772e73),platform=Windows NT 6.1.7601 SP1 x86_64) (WARNING: The server did not provide any stacktrace information)&#10;Command duration or timeout: 0 milliseconds&#10;For documentation on this error, please visit: http://seleniumhq.org/exceptions/no_such_element.html&#10;Build info: version: &apos;3.8.0&apos;, revision: &apos;924c4067df&apos;, time: &apos;2017-11-30T11:20:39.408Z&apos;&#10;System info: host: &apos;DEVSRV&apos;, ip: &apos;10.0.2.15&apos;, os.name: &apos;Windows 7&apos;, os.arch: &apos;amd64&apos;, os.version: &apos;6.1&apos;, java.version: &apos;1.8.0_162&apos;&#10;Driver info: org.openqa.selenium.chrome.ChromeDriver&#10;Capabilities {acceptInsecureCerts: false, acceptSslCerts: false, applicationCacheEnabled: false, browserConnectionEnabled: false, browserName: chrome, chrome: {chromedriverVersion: 2.35.528161 (5b82f2d2aae0ca..., userDataDir: C:\Users\ann\AppData\Local\...}, cssSelectorsEnabled: true, databaseEnabled: false, handlesAlerts: true, hasTouchScreen: false, javascriptEnabled: true, locationContextEnabled: true, mobileEmulationEnabled: false, nativeEvents: true, networkConnectionEnabled: false, pageLoadStrategy: normal, platform: XP, platformName: XP, rotatable: false, setWindowRect: true, takesHeapSnapshot: true, takesScreenshot: true, unexpectedAlertBehaviour: , unhandledPromptBehavior: , version: 63.0.3239.132, webStorageEnabled: true}&#10;Session ID: 97ddb371feb555689d15f1436882f549&#10;*** Element info: {Using=xpath, value=//DIV[@class=&apos;n-product-title__text-container&apos;]}" type="org.openqa.selenium.NoSuchElementException">org.openqa.selenium.NoSuchElementException: 
no such element: Unable to locate element: {"method":"xpath","selector":"//DIV[@class='n-product-title__text-container']"}
  (Session info: chrome=63.0.3239.132)
  (Driver info: chromedriver=2.35.528161 (5b82f2d2aae0ca24b877009200ced9065a772e73),platform=Windows NT 6.1.7601 SP1 x86_64) (WARNING: The server did not provide any stacktrace information)
Command duration or timeout: 0 milliseconds
For documentation on this error, please visit: http://seleniumhq.org/exceptions/no_such_element.html
Build info: version: '3.8.0', revision: '924c4067df', time: '2017-11-30T11:20:39.408Z'
System info: host: 'DEVSRV', ip: '10.0.2.15', os.name: 'Windows 7', os.arch: 'amd64', os.version: '6.1', java.version: '1.8.0_162'
Driver info: org.openqa.selenium.chrome.ChromeDriver
Capabilities {acceptInsecureCerts: false, acceptSslCerts: false, applicationCacheEnabled: false, browserConnectionEnabled: false, browserName: chrome, chrome: {chromedriverVersion: 2.35.528161 (5b82f2d2aae0ca..., userDataDir: C:\Users\ann\AppData\Local\...}, cssSelectorsEnabled: true, databaseEnabled: false, handlesAlerts: true, hasTouchScreen: false, javascriptEnabled: true, locationContextEnabled: true, mobileEmulationEnabled: false, nativeEvents: true, networkConnectionEnabled: false, pageLoadStrategy: normal, platform: XP, platformName: XP, rotatable: false, setWindowRect: true, takesHeapSnapshot: true, takesScreenshot: true, unexpectedAlertBehaviour: , unhandledPromptBehavior: , version: 63.0.3239.132, webStorageEnabled: true}
Session ID: 97ddb371feb555689d15f1436882f549
*** Element info: {Using=xpath, value=//DIV[@class='n-product-title__text-container']}
</error>
  </testcase>
  <testcase name="Сценарий: Выбор категории товара &quot;Наушники&quot;" classname="Сценарий: Выбор категории товара &quot;Наушники&quot;" time="0.001">
    <error message="no such element: Unable to locate element: {&quot;method&quot;:&quot;xpath&quot;,&quot;selector&quot;:&quot;//DIV[@class=&apos;n-product-title__text-container&apos;]&quot;}&#10;  (Session info: chrome=63.0.3239.132)&#10;  (Driver info: chromedriver=2.35.528161 (5b82f2d2aae0ca24b877009200ced9065a772e73),platform=Windows NT 6.1.7601 SP1 x86_64) (WARNING: The server did not provide any stacktrace information)&#10;Command duration or timeout: 0 milliseconds&#10;For documentation on this error, please visit: http://seleniumhq.org/exceptions/no_such_element.html&#10;Build info: version: &apos;3.8.0&apos;, revision: &apos;924c4067df&apos;, time: &apos;2017-11-30T11:20:39.408Z&apos;&#10;System info: host: &apos;DEVSRV&apos;, ip: &apos;10.0.2.15&apos;, os.name: &apos;Windows 7&apos;, os.arch: &apos;amd64&apos;, os.version: &apos;6.1&apos;, java.version: &apos;1.8.0_162&apos;&#10;Driver info: org.openqa.selenium.chrome.ChromeDriver&#10;Capabilities {acceptInsecureCerts: false, acceptSslCerts: false, applicationCacheEnabled: false, browserConnectionEnabled: false, browserName: chrome, chrome: {chromedriverVersion: 2.35.528161 (5b82f2d2aae0ca..., userDataDir: C:\Users\ann\AppData\Local\...}, cssSelectorsEnabled: true, databaseEnabled: false, handlesAlerts: true, hasTouchScreen: false, javascriptEnabled: true, locationContextEnabled: true, mobileEmulationEnabled: false, nativeEvents: true, networkConnectionEnabled: false, pageLoadStrategy: normal, platform: XP, platformName: XP, rotatable: false, setWindowRect: true, takesHeapSnapshot: true, takesScreenshot: true, unexpectedAlertBehaviour: , unhandledPromptBehavior: , version: 63.0.3239.132, webStorageEnabled: true}&#10;Session ID: 97ddb371feb555689d15f1436882f549&#10;*** Element info: {Using=xpath, value=//DIV[@class=&apos;n-product-title__text-container&apos;]}" type="org.openqa.selenium.NoSuchElementException">org.openqa.selenium.NoSuchElementException: 
no such element: Unable to locate element: {"method":"xpath","selector":"//DIV[@class='n-product-title__text-container']"}
  (Session info: chrome=63.0.3239.132)
  (Driver info: chromedriver=2.35.528161 (5b82f2d2aae0ca24b877009200ced9065a772e73),platform=Windows NT 6.1.7601 SP1 x86_64) (WARNING: The server did not provide any stacktrace information)
Command duration or timeout: 0 milliseconds
For documentation on this error, please visit: http://seleniumhq.org/exceptions/no_such_element.html
Build info: version: '3.8.0', revision: '924c4067df', time: '2017-11-30T11:20:39.408Z'
System info: host: 'DEVSRV', ip: '10.0.2.15', os.name: 'Windows 7', os.arch: 'amd64', os.version: '6.1', java.version: '1.8.0_162'
Driver info: org.openqa.selenium.chrome.ChromeDriver
Capabilities {acceptInsecureCerts: false, acceptSslCerts: false, applicationCacheEnabled: false, browserConnectionEnabled: false, browserName: chrome, chrome: {chromedriverVersion: 2.35.528161 (5b82f2d2aae0ca..., userDataDir: C:\Users\ann\AppData\Local\...}, cssSelectorsEnabled: true, databaseEnabled: false, handlesAlerts: true, hasTouchScreen: false, javascriptEnabled: true, locationContextEnabled: true, mobileEmulationEnabled: false, nativeEvents: true, networkConnectionEnabled: false, pageLoadStrategy: normal, platform: XP, platformName: XP, rotatable: false, setWindowRect: true, takesHeapSnapshot: true, takesScreenshot: true, unexpectedAlertBehaviour: , unhandledPromptBehavior: , version: 63.0.3239.132, webStorageEnabled: true}
Session ID: 97ddb371feb555689d15f1436882f549
*** Element info: {Using=xpath, value=//DIV[@class='n-product-title__text-container']}
</error>
  </testcase>
  <testcase name="Тогда Выполнено сравнение найденного товара с найденным" classname="Сценарий: Выбор категории товара &quot;Наушники&quot;" time="0">
    <skipped/>
  </testcase>
</testsuite>